[debug] [2025-10-16T09:06:13.098Z] ----------------------------------------------------------------------
[debug] [2025-10-16T09:06:13.099Z] Command:       C:\Program Files\nodejs\node.exe C:\Users\kkhan\AppData\Roaming\npm\node_modules\firebase-tools\lib\bin\firebase.js deploy --only hosting,firestore
[debug] [2025-10-16T09:06:13.100Z] CLI Version:   14.20.0
[debug] [2025-10-16T09:06:13.100Z] Platform:      win32
[debug] [2025-10-16T09:06:13.100Z] Node Version:  v22.19.0
[debug] [2025-10-16T09:06:13.100Z] Time:          Thu Oct 16 2025 16:06:13 GMT+0700 (Indochina Time)
[debug] [2025-10-16T09:06:13.100Z] ----------------------------------------------------------------------
[debug] 
[debug] [2025-10-16T09:06:13.244Z] > command requires scopes: ["email","openid","https://www.googleapis.com/auth/cloudplatformprojects.readonly","https://www.googleapis.com/auth/firebase","https://www.googleapis.com/auth/cloud-platform"]
[debug] [2025-10-16T09:06:13.244Z] > authorizing via signed-in user (kkhanhnguyen2011@gmail.com)
[debug] [2025-10-16T09:06:13.244Z] [iam] checking project gach-manager-demo for permissions ["datastore.indexes.create","datastore.indexes.delete","datastore.indexes.list","datastore.indexes.update","firebase.projects.get","firebasehosting.sites.update"]
[debug] [2025-10-16T09:06:13.245Z] Checked if tokens are valid: true, expires at: 1760606852563
[debug] [2025-10-16T09:06:13.245Z] Checked if tokens are valid: true, expires at: 1760606852563
[debug] [2025-10-16T09:06:13.245Z] >>> [apiv2][query] POST https://cloudresourcemanager.googleapis.com/v1/projects/gach-manager-demo:testIamPermissions [none]
[debug] [2025-10-16T09:06:13.245Z] >>> [apiv2][(partial)header] POST https://cloudresourcemanager.googleapis.com/v1/projects/gach-manager-demo:testIamPermissions x-goog-quota-user=projects/gach-manager-demo
[debug] [2025-10-16T09:06:13.246Z] >>> [apiv2][body] POST https://cloudresourcemanager.googleapis.com/v1/projects/gach-manager-demo:testIamPermissions {"permissions":["datastore.indexes.create","datastore.indexes.delete","datastore.indexes.list","datastore.indexes.update","firebase.projects.get","firebasehosting.sites.update"]}
[debug] [2025-10-16T09:06:14.513Z] <<< [apiv2][status] POST https://cloudresourcemanager.googleapis.com/v1/projects/gach-manager-demo:testIamPermissions 200
[debug] [2025-10-16T09:06:14.513Z] <<< [apiv2][body] POST https://cloudresourcemanager.googleapis.com/v1/projects/gach-manager-demo:testIamPermissions {"permissions":["datastore.indexes.create","datastore.indexes.delete","datastore.indexes.list","datastore.indexes.update","firebase.projects.get","firebasehosting.sites.update"]}
[debug] [2025-10-16T09:06:14.514Z] Checked if tokens are valid: true, expires at: 1760606852563
[debug] [2025-10-16T09:06:14.514Z] Checked if tokens are valid: true, expires at: 1760606852563
[debug] [2025-10-16T09:06:14.514Z] >>> [apiv2][query] GET https://firebase.googleapis.com/v1beta1/projects/gach-manager-demo [none]
[debug] [2025-10-16T09:06:14.954Z] <<< [apiv2][status] GET https://firebase.googleapis.com/v1beta1/projects/gach-manager-demo 200
[debug] [2025-10-16T09:06:14.954Z] <<< [apiv2][body] GET https://firebase.googleapis.com/v1beta1/projects/gach-manager-demo {"projectId":"gach-manager-demo","projectNumber":"15007912907","displayName":"gach-manager-demo","name":"projects/gach-manager-demo","resources":{"hostingSite":"gach-manager-demo"},"state":"ACTIVE","etag":"1_8f72f511-3f91-4d22-96c2-dae4b5a052f4"}
[info] 
[info] === Deploying to 'gach-manager-demo'...
[info] 
[info] i  deploying firestore, hosting 
[info] i  firestore: ensuring required API firestore.googleapis.com is enabled... 
[info] i  firestore: ensuring required API firestore.googleapis.com is enabled... 
[debug] [2025-10-16T09:06:14.960Z] Checked if tokens are valid: true, expires at: 1760606852563
[debug] [2025-10-16T09:06:14.960Z] Checked if tokens are valid: true, expires at: 1760606852563
[debug] [2025-10-16T09:06:14.960Z] >>> [apiv2][query] GET https://firestore.googleapis.com/v1/projects/gach-manager-demo/databases/(default) [none]
[debug] [2025-10-16T09:06:15.183Z] <<< [apiv2][status] GET https://firestore.googleapis.com/v1/projects/gach-manager-demo/databases/(default) 403
[debug] [2025-10-16T09:06:15.183Z] <<< [apiv2][body] GET https://firestore.googleapis.com/v1/projects/gach-manager-demo/databases/(default) {"error":{"code":403,"message":"Permission denied on resource project gach-manager-demo.","status":"PERMISSION_DENIED","details":[{"@type":"type.googleapis.com/google.rpc.ErrorInfo","reason":"CONSUMER_INVALID","domain":"googleapis.com","metadata":{"containerInfo":"gach-manager-demo","consumer":"projects/gach-manager-demo","service":"firestore.googleapis.com"}},{"@type":"type.googleapis.com/google.rpc.LocalizedMessage","locale":"en-US","message":"Permission denied on resource project gach-manager-demo."},{"@type":"type.googleapis.com/google.rpc.Help","links":[{"description":"Google developers console","url":"https://console.developers.google.com"}]}]}}
[info] i  firestore: reading indexes from  (firestore.indexes.json)... 
[info] i  cloud.firestore: checking firestore.rules for compilation errors... 
[debug] [2025-10-16T09:06:15.185Z] Checked if tokens are valid: true, expires at: 1760606852563
[debug] [2025-10-16T09:06:15.185Z] Checked if tokens are valid: true, expires at: 1760606852563
[debug] [2025-10-16T09:06:15.185Z] >>> [apiv2][query] POST https://firebaserules.googleapis.com/v1/projects/gach-manager-demo:test [none]
[debug] [2025-10-16T09:06:15.185Z] >>> [apiv2][body] POST https://firebaserules.googleapis.com/v1/projects/gach-manager-demo:test [omitted]
[debug] [2025-10-16T09:06:16.610Z] <<< [apiv2][status] POST https://firebaserules.googleapis.com/v1/projects/gach-manager-demo:test 200
[debug] [2025-10-16T09:06:16.610Z] <<< [apiv2][body] POST https://firebaserules.googleapis.com/v1/projects/gach-manager-demo:test {}
[info] +  cloud.firestore: rules file firestore.rules compiled successfully 
[debug] [2025-10-16T09:06:16.613Z] Checked if tokens are valid: true, expires at: 1760606852563
[debug] [2025-10-16T09:06:16.614Z] Checked if tokens are valid: true, expires at: 1760606852563
[debug] [2025-10-16T09:06:16.614Z] >>> [apiv2][query] POST https://firebasehosting.googleapis.com/v1beta1/projects/-/sites/gach-manager-demo/versions [none]
[debug] [2025-10-16T09:06:16.614Z] >>> [apiv2][body] POST https://firebasehosting.googleapis.com/v1beta1/projects/-/sites/gach-manager-demo/versions {"status":"CREATED","labels":{"deployment-tool":"cli-firebase"}}
[debug] [2025-10-16T09:06:17.740Z] <<< [apiv2][status] POST https://firebasehosting.googleapis.com/v1beta1/projects/-/sites/gach-manager-demo/versions 500
[debug] [2025-10-16T09:06:17.740Z] <<< [apiv2][body] POST https://firebasehosting.googleapis.com/v1beta1/projects/-/sites/gach-manager-demo/versions {"error":{"code":500,"message":"Internal error encountered.","status":"INTERNAL"}}
[error] 
[error] Error: Request to https://firebasehosting.googleapis.com/v1beta1/projects/-/sites/gach-manager-demo/versions had HTTP Error: 500, Internal error encountered.
[debug] [2025-10-16T09:06:17.846Z] Error Context: {
  "body": {
    "error": {
      "code": 500,
      "message": "Internal error encountered.",
      "status": "INTERNAL"
    }
  },
  "response": {
    "statusCode": 500
  }
}
